<?xml version="1.0" encoding="UTF-8"?>
<!-- Generated by org.testng.reporters.JUnitXMLReporter -->
<testsuite ignored="1" hostname="LAPTOP-D16KSEPA" failures="0" tests="3" name="Test" time="2.626" errors="0" timestamp="2024-08-09T10:46:23 IST">
  <testcase classname="com.amazokartt.registertest.registertest" name="createUser_invalidData" time="0.029"/>
  <testcase classname="com.amazokartt.registertest.registertest" name="createUser_invalidData" time="0.002"/>
  <testcase classname="com.amazokartt.registertest.registertest" name="createUser_invalidData" time="0.008"/>
  <testcase classname="com.amazokartt.registertest.registertest" name="createUser_validData" time="0.0">
    <ignored/>
  </testcase> <!-- createUser_validData -->
</testsuite> <!-- Test -->
